{"numFailedTestSuites":0,"numFailedTests":0,"numPassedTestSuites":3,"numPassedTests":6,"numPendingTestSuites":0,"numPendingTests":0,"numRuntimeErrorTestSuites":0,"numTodoTests":0,"numTotalTestSuites":3,"numTotalTests":6,"openHandles":[],"snapshot":{"added":0,"didUpdate":false,"failure":false,"filesAdded":0,"filesRemoved":0,"filesRemovedList":[],"filesUnmatched":0,"filesUpdated":0,"matched":1,"total":1,"unchecked":0,"uncheckedKeysByFile":[],"unmatched":0,"updated":0},"startTime":1707553137195,"success":true,"testResults":[{"assertionResults":[{"ancestorTitles":["Home hero section"],"duration":39,"failureDetails":[],"failureMessages":[],"fullName":"Home hero section display the home hero section","invocations":1,"location":null,"numPassingAsserts":1,"retryReasons":[],"status":"passed","title":"display the home hero section"}],"endTime":1707553139366,"message":"","name":"C:\\Users\\NoteBooK TANDIS\\Desktop\\classbon\\src\\app\\_components\\home-hero-section\\home-hero-section.test.tsx","startTime":1707553138354,"status":"passed","summary":""},{"assertionResults":[{"ancestorTitles":[],"duration":30,"failureDetails":[],"failureMessages":[],"fullName":"applies the correct css class for different badge variants","invocations":1,"location":null,"numPassingAsserts":2,"retryReasons":[],"status":"passed","title":"applies the correct css class for different badge variants"}],"endTime":1707553139367,"message":"","name":"C:\\Users\\NoteBooK TANDIS\\Desktop\\classbon\\src\\app\\_components\\badge\\badge.test.tsx","startTime":1707553138378,"status":"passed","summary":""},{"assertionResults":[{"ancestorTitles":[],"duration":29,"failureDetails":[],"failureMessages":[],"fullName":"render a default button","invocations":1,"location":null,"numPassingAsserts":1,"retryReasons":[],"status":"passed","title":"render a default button"},{"ancestorTitles":[],"duration":31,"failureDetails":[],"failureMessages":[],"fullName":"disables the button when isDisabled prop is true","invocations":1,"location":null,"numPassingAsserts":1,"retryReasons":[],"status":"passed","title":"disables the button when isDisabled prop is true"},{"ancestorTitles":[],"duration":14,"failureDetails":[],"failureMessages":[],"fullName":"applies the correct css class for different variant","invocations":1,"location":null,"numPassingAsserts":2,"retryReasons":[],"status":"passed","title":"applies the correct css class for different variant"},{"ancestorTitles":[],"duration":16,"failureDetails":[],"failureMessages":[],"fullName":"show rendered button","invocations":1,"location":null,"numPassingAsserts":0,"retryReasons":[],"status":"passed","title":"show rendered button"}],"endTime":1707553139408,"message":"","name":"C:\\Users\\NoteBooK TANDIS\\Desktop\\classbon\\src\\app\\_components\\button\\button.test.tsx","startTime":1707553138354,"status":"passed","summary":""}],"wasInterrupted":false}
