{"numFailedTestSuites":1,"numFailedTests":1,"numPassedTestSuites":3,"numPassedTests":6,"numPendingTestSuites":0,"numPendingTests":0,"numRuntimeErrorTestSuites":0,"numTodoTests":0,"numTotalTestSuites":4,"numTotalTests":7,"openHandles":[],"snapshot":{"added":0,"didUpdate":false,"failure":true,"filesAdded":0,"filesRemoved":0,"filesRemovedList":[],"filesUnmatched":1,"filesUpdated":0,"matched":0,"total":1,"unchecked":0,"uncheckedKeysByFile":[],"unmatched":1,"updated":0},"startTime":1707676548426,"success":false,"testResults":[{"assertionResults":[{"ancestorTitles":[],"duration":30,"failureDetails":[],"failureMessages":[],"fullName":"applies the correct css class for different badge variants","invocations":1,"location":null,"numPassingAsserts":2,"retryReasons":[],"status":"passed","title":"applies the correct css class for different badge variants"}],"endTime":1707676551231,"message":"","name":"C:\\Users\\NoteBooK TANDIS\\Desktop\\classbon\\src\\app\\_components\\badge\\badge.test.tsx","startTime":1707676550011,"status":"passed","summary":""},{"assertionResults":[{"ancestorTitles":[],"duration":30,"failureDetails":[],"failureMessages":[],"fullName":"render a default button","invocations":1,"location":null,"numPassingAsserts":1,"retryReasons":[],"status":"passed","title":"render a default button"},{"ancestorTitles":[],"duration":28,"failureDetails":[],"failureMessages":[],"fullName":"disables the button when isDisabled prop is true","invocations":1,"location":null,"numPassingAsserts":1,"retryReasons":[],"status":"passed","title":"disables the button when isDisabled prop is true"},{"ancestorTitles":[],"duration":14,"failureDetails":[],"failureMessages":[],"fullName":"applies the correct css class for different variant","invocations":1,"location":null,"numPassingAsserts":2,"retryReasons":[],"status":"passed","title":"applies the correct css class for different variant"},{"ancestorTitles":[],"duration":16,"failureDetails":[],"failureMessages":[],"fullName":"show rendered button","invocations":1,"location":null,"numPassingAsserts":0,"retryReasons":[],"status":"passed","title":"show rendered button"}],"endTime":1707676551278,"message":"","name":"C:\\Users\\NoteBooK TANDIS\\Desktop\\classbon\\src\\app\\_components\\button\\button.test.tsx","startTime":1707676550011,"status":"passed","summary":""},{"assertionResults":[{"ancestorTitles":[],"duration":65,"failureDetails":[],"failureMessages":[],"fullName":"applies the correct css class for different variant","invocations":1,"location":null,"numPassingAsserts":2,"retryReasons":[],"status":"passed","title":"applies the correct css class for different variant"}],"endTime":1707676551278,"message":"","name":"C:\\Users\\NoteBooK TANDIS\\Desktop\\classbon\\src\\app\\_components\\progress\\progress.test.tsx","startTime":1707676550010,"status":"passed","summary":""},{"assertionResults":[{"ancestorTitles":["Home hero section"],"duration":42,"failureDetails":[{"matcherResult":{"actual":"<div>\n  <section\n    class=\"bg-hero-pattern bg-no-repeat bg-center xl:bg-left mt-5 xl:mt-20\"\n  >\n    <div\n      class=\"container flex flex-col-reverse items-center xl:flex-row\"\n    >\n      <div\n        class=\"flex-1 flex flex-col gap-5 mt-12 pb-5 text-center xl:text-right\"\n      >\n        <h3\n          class=\"text-xl xl:text-2xl dark:text-info\"\n        >\n          خوش اومدی به ...\n        </h3>\n        <h1\n          class=\" text-3xl lg:text-5xl xl:text-5xl font-black gradient\"\n        >\n          مسیر صعود به قله‌های برنامه‌نویسی\n        </h1>\n        <p\n          class=\"max-w-2xl  text-lg md:text-xl font-bold leading-8\"\n        >\n          هر جای مسیرِ برنامه‌نویسی که باشی، با هم‌راهی استادهای باتجربهٔ کلاسبن می‌تونی بدون محدودیت به قله‌های بالاتر صعود کنی. ما همیشه هواتو داریم.\n        </p>\n        <div\n          class=\"mt-5 flex gap-4 justify-center xl:justify-start\"\n        >\n          <button\n            class=\"btn animated-icon btn-primary btn-lg\"\n            type=\"button\"\n          >\n            دوره‌های ری‌اکت و نکست\n            <svg\n              fill=\"currentColor\"\n              height=\"24\"\n              stroke=\"currentColor\"\n              stroke-linecap=\"round\"\n              stroke-linejoin=\"round\"\n              stroke-width=\"1.5\"\n              viewBox=\"0 0 24 24\"\n              width=\"24\"\n              xmlns=\"http://www.w3.org/2000/svg\"\n            >\n              <path\n                d=\"M16.7544 11.5347L20.5098 11.2026C21.3525 11.2026 22.0358 11.8925 22.0358 12.7435C22.0358 13.5945 21.3525 14.2844 20.5098 14.2844L16.7544 13.9523C16.0933 13.9523 15.5573 13.4111 15.5573 12.7435C15.5573 12.0748 16.0933 11.5347 16.7544 11.5347Z\"\n                opacity=\".4\"\n              />\n              <path\n                d=\"M4.14372 11.5957C4.20242 11.5365 4.42169 11.286 4.62767 11.078C5.82925 9.77526 8.96663 7.64503 10.6079 6.9931C10.857 6.8891 11.4872 6.66769 11.8249 6.65204C12.1472 6.65204 12.4551 6.72696 12.7485 6.87457C13.1151 7.08144 13.4075 7.40796 13.5692 7.79263C13.6722 8.05877 13.8338 8.85831 13.8338 8.87285C13.9944 9.74619 14.0819 11.1663 14.0819 12.7363C14.0819 14.2303 13.9944 15.5923 13.8626 16.4802C13.8482 16.4958 13.6866 17.4877 13.5105 17.8276C13.1882 18.4494 12.5581 18.8341 11.8836 18.8341H11.8249C11.3853 18.8195 10.4617 18.4337 10.4617 18.4203C8.90794 17.7684 5.84475 15.741 4.61328 14.3936C4.61328 14.3936 4.26554 14.0469 4.11493 13.8311C3.88015 13.5202 3.76276 13.1355 3.76276 12.7509C3.76276 12.3215 3.89455 11.9223 4.14372 11.5957Z\"\n              />\n            </svg>\n          </button>\n          <button\n            class=\"btn btn-neutral btn-lg\"\n            type=\"button\"\n          >\n            مشاوره برنامه‌نویسی\n          </button>\n        </div>\n        <img\n          alt=\"\"\n          class=\"grayscale mt-4 opacity-70 m-auto xl:m-0\"\n          data-nimg=\"1\"\n          decoding=\"async\"\n          height=\"39\"\n          loading=\"lazy\"\n          src=\"/_next/image?url=%2Fimages%2Fframeworks.png&w=828&q=75\"\n          srcset=\"/_next/image?url=%2Fimages%2Fframeworks.png&w=640&q=75 1x, /_next/image?url=%2Fimages%2Fframeworks.png&w=828&q=75 2x\"\n          style=\"color: transparent;\"\n          width=\"412\"\n        />\n      </div>\n      <img\n        alt=\"\"\n        data-nimg=\"1\"\n        decoding=\"async\"\n        height=\"521\"\n        loading=\"lazy\"\n        src=\"/images/programmer-landing.svg\"\n        style=\"color: transparent;\"\n        width=\"702\"\n      />\n    </div>\n  </section>\n</div>","expected":"<div>\n  <section\n    class=\"bg-hero-pattern bg-no-repeat bg-center xl:bg-left mt-5 xl:mt-20\"\n  >\n    <div\n      class=\"container flex flex-col-reverse items-center xl:flex-row\"\n    >\n      <div\n        class=\"flex-1 flex flex-col gap-5 mt-12 pb-5 text-center xl:text-right\"\n      >\n        <h3\n          class=\"text-xl xl:text-2xl dark:text-info\"\n        >\n          خوش اومدی به ...\n        </h3>\n        <h1\n          class=\" text-3xl lg:text-5xl xl:text-5xl font-black gradient\"\n        >\n          مسیر صعود به قله‌های برنامه‌نویسی\n        </h1>\n        <p\n          class=\"max-w-2xl  text-lg md:text-xl font-bold leading-8\"\n        >\n          هر جای مسیرِ برنامه‌نویسی که باشی، با هم‌راهی استادهای باتجربهٔ کلاسبن می‌تونی بدون محدودیت به قله‌های بالاتر صعود کنی. ما همیشه هواتو داریم.\n        </p>\n        <div\n          class=\"mt-5 flex gap-4\"\n        >\n          <button\n            class=\"btn btn-primary btn-lg\"\n            type=\"button\"\n          >\n            دوره‌های ری‌اکت و نکست\n          </button>\n          <button\n            class=\"btn btn-neutral btn-lg\"\n            type=\"button\"\n          >\n            مشاوره برنامه‌نویسی\n          </button>\n        </div>\n        <img\n          alt=\"\"\n          class=\"grayscale mt-4 opacity-70 m-auto xl:m-0\"\n          data-nimg=\"1\"\n          decoding=\"async\"\n          height=\"39\"\n          loading=\"lazy\"\n          src=\"/_next/image?url=%2Fimages%2Fframeworks.png&w=828&q=75\"\n          srcset=\"/_next/image?url=%2Fimages%2Fframeworks.png&w=640&q=75 1x, /_next/image?url=%2Fimages%2Fframeworks.png&w=828&q=75 2x\"\n          style=\"color: transparent;\"\n          width=\"412\"\n        />\n      </div>\n      <img\n        alt=\"\"\n        data-nimg=\"1\"\n        decoding=\"async\"\n        height=\"521\"\n        loading=\"lazy\"\n        src=\"/images/programmer-landing.svg\"\n        style=\"color: transparent;\"\n        width=\"702\"\n      />\n    </div>\n  </section>\n</div>","message":"\u001b[2mexpect(\u001b[22m\u001b[38;2;0;95;95m\u001b[48;2;215;255;255mreceived\u001b[49m\u001b[39m\u001b[2m).\u001b[22mtoMatchSnapshot\u001b[2m(\u001b[22m\u001b[1mhint\u001b[22m\u001b[2m)\u001b[22m\n\nSnapshot name: `Home hero section display the home hero section: \u001b[1m\u001b[22m\n\u001b[1m        <section className=\"bg-hero-pattern bg-no-repeat bg-center xl:bg-left mt-5 xl:mt-20\">\u001b[22m\n\u001b[1m            <div className=\"container flex flex-col-reverse items-center xl:flex-row\">\u001b[22m\n\u001b[1m                <div className=\"flex-1 flex flex-col gap-5 mt-12 pb-5 text-center xl:text-right\">\u001b[22m\n\u001b[1m                    <h3 className=\"text-xl xl:text-2xl dark:text-info\">\u001b[22m\n\u001b[1m                        خوش اومدی به ...\u001b[22m\n\u001b[1m                    </h3>\u001b[22m\n\u001b[1m                    <h1 className=\" text-3xl lg:text-5xl xl:text-5xl font-black gradient\">\u001b[22m\n\u001b[1m                        مسیر صعود به قله‌های برنامه‌نویسی\u001b[22m\n\u001b[1m                    </h1>\u001b[22m\n\u001b[1m                    <p className=\"max-w-2xl  text-lg md:text-xl font-bold leading-8\">\u001b[22m\n\u001b[1m                        هر جای مسیرِ برنامه‌نویسی که باشی، با هم‌راهی استادهای\u001b[22m\n\u001b[1m                        باتجربهٔ کلاسبن می‌تونی بدون محدودیت به قله‌های بالاتر\u001b[22m\n\u001b[1m                        صعود کنی. ما همیشه هواتو داریم.\u001b[22m\n\u001b[1m                    </p>\u001b[22m\n\u001b[1m                    <div className=\"mt-5 flex gap-4\">\u001b[22m\n\u001b[1m                        <Button variant=\"primary\" size=\"large\">\u001b[22m\n\u001b[1m                            دوره‌های ری‌اکت و نکست\u001b[22m\n\u001b[1m                        </Button>\u001b[22m\n\u001b[1m                        <Button variant=\"neutral\" size=\"large\">\u001b[22m\n\u001b[1m                            مشاوره برنامه‌نویسی\u001b[22m\n\u001b[1m                        </Button>\u001b[22m\n\u001b[1m                    </div>\u001b[22m\n\u001b[1m                    <Image\u001b[22m\n\u001b[1m                        src=\"/images/frameworks.png\"\u001b[22m\n\u001b[1m                        className=\"grayscale mt-4 opacity-70 m-auto xl:m-0\"\u001b[22m\n\u001b[1m                        width={412}\u001b[22m\n\u001b[1m                        height={39}\u001b[22m\n\u001b[1m                        alt=\"\"\u001b[22m\n\u001b[1m                    />\u001b[22m\n\u001b[1m                </div>\u001b[22m\n\u001b[1m                <Image\u001b[22m\n\u001b[1m                    src=\"/images/programmer-landing.svg\"\u001b[22m\n\u001b[1m                    alt=\"\"\u001b[22m\n\u001b[1m                    width={702}\u001b[22m\n\u001b[1m                    height={521}\u001b[22m\n\u001b[1m                />\u001b[22m\n\u001b[1m            </div>\u001b[22m\n\u001b[1m        </section>        \u001b[22m\n\u001b[1m        \u001b[22m 1`\n\n\u001b[38;2;128;0;128m\u001b[48;2;255;215;255m- Snapshot  -  2\u001b[49m\u001b[39m\n\u001b[38;2;0;95;95m\u001b[48;2;215;255;255m+ Received  + 21\u001b[49m\u001b[39m\n\n\u001b[33m@@ -22,17 +22,36 @@\u001b[39m\n\u001b[2m            class=\"max-w-2xl  text-lg md:text-xl font-bold leading-8\"\u001b[22m\n\u001b[2m          >\u001b[22m\n\u001b[2m            هر جای مسیرِ برنامه‌نویسی که باشی، با هم‌راهی استادهای باتجربهٔ کلاسبن می‌تونی بدون محدودیت به قله‌های بالاتر صعود کنی. ما همیشه هواتو داریم.\u001b[22m\n\u001b[2m          </p>\u001b[22m\n\u001b[2m          <div\u001b[22m\n\u001b[38;2;128;0;128m\u001b[48;2;255;215;255m-           class=\"mt-5 flex gap-4\"\u001b[49m\u001b[39m\n\u001b[38;2;0;95;95m\u001b[48;2;215;255;255m+           class=\"mt-5 flex gap-4 justify-center xl:justify-start\"\u001b[49m\u001b[39m\n\u001b[2m          >\u001b[22m\n\u001b[2m            <button\u001b[22m\n\u001b[38;2;128;0;128m\u001b[48;2;255;215;255m-             class=\"btn btn-primary btn-lg\"\u001b[49m\u001b[39m\n\u001b[38;2;0;95;95m\u001b[48;2;215;255;255m+             class=\"btn animated-icon btn-primary btn-lg\"\u001b[49m\u001b[39m\n\u001b[2m              type=\"button\"\u001b[22m\n\u001b[2m            >\u001b[22m\n\u001b[2m              دوره‌های ری‌اکت و نکست\u001b[22m\n\u001b[38;2;0;95;95m\u001b[48;2;215;255;255m+             <svg\u001b[49m\u001b[39m\n\u001b[38;2;0;95;95m\u001b[48;2;215;255;255m+               fill=\"currentColor\"\u001b[49m\u001b[39m\n\u001b[38;2;0;95;95m\u001b[48;2;215;255;255m+               height=\"24\"\u001b[49m\u001b[39m\n\u001b[38;2;0;95;95m\u001b[48;2;215;255;255m+               stroke=\"currentColor\"\u001b[49m\u001b[39m\n\u001b[38;2;0;95;95m\u001b[48;2;215;255;255m+               stroke-linecap=\"round\"\u001b[49m\u001b[39m\n\u001b[38;2;0;95;95m\u001b[48;2;215;255;255m+               stroke-linejoin=\"round\"\u001b[49m\u001b[39m\n\u001b[38;2;0;95;95m\u001b[48;2;215;255;255m+               stroke-width=\"1.5\"\u001b[49m\u001b[39m\n\u001b[38;2;0;95;95m\u001b[48;2;215;255;255m+               viewBox=\"0 0 24 24\"\u001b[49m\u001b[39m\n\u001b[38;2;0;95;95m\u001b[48;2;215;255;255m+               width=\"24\"\u001b[49m\u001b[39m\n\u001b[38;2;0;95;95m\u001b[48;2;215;255;255m+               xmlns=\"http://www.w3.org/2000/svg\"\u001b[49m\u001b[39m\n\u001b[38;2;0;95;95m\u001b[48;2;215;255;255m+             >\u001b[49m\u001b[39m\n\u001b[38;2;0;95;95m\u001b[48;2;215;255;255m+               <path\u001b[49m\u001b[39m\n\u001b[38;2;0;95;95m\u001b[48;2;215;255;255m+                 d=\"M16.7544 11.5347L20.5098 11.2026C21.3525 11.2026 22.0358 11.8925 22.0358 12.7435C22.0358 13.5945 21.3525 14.2844 20.5098 14.2844L16.7544 13.9523C16.0933 13.9523 15.5573 13.4111 15.5573 12.7435C15.5573 12.0748 16.0933 11.5347 16.7544 11.5347Z\"\u001b[49m\u001b[39m\n\u001b[38;2;0;95;95m\u001b[48;2;215;255;255m+                 opacity=\".4\"\u001b[49m\u001b[39m\n\u001b[38;2;0;95;95m\u001b[48;2;215;255;255m+               />\u001b[49m\u001b[39m\n\u001b[38;2;0;95;95m\u001b[48;2;215;255;255m+               <path\u001b[49m\u001b[39m\n\u001b[38;2;0;95;95m\u001b[48;2;215;255;255m+                 d=\"M4.14372 11.5957C4.20242 11.5365 4.42169 11.286 4.62767 11.078C5.82925 9.77526 8.96663 7.64503 10.6079 6.9931C10.857 6.8891 11.4872 6.66769 11.8249 6.65204C12.1472 6.65204 12.4551 6.72696 12.7485 6.87457C13.1151 7.08144 13.4075 7.40796 13.5692 7.79263C13.6722 8.05877 13.8338 8.85831 13.8338 8.87285C13.9944 9.74619 14.0819 11.1663 14.0819 12.7363C14.0819 14.2303 13.9944 15.5923 13.8626 16.4802C13.8482 16.4958 13.6866 17.4877 13.5105 17.8276C13.1882 18.4494 12.5581 18.8341 11.8836 18.8341H11.8249C11.3853 18.8195 10.4617 18.4337 10.4617 18.4203C8.90794 17.7684 5.84475 15.741 4.61328 14.3936C4.61328 14.3936 4.26554 14.0469 4.11493 13.8311C3.88015 13.5202 3.76276 13.1355 3.76276 12.7509C3.76276 12.3215 3.89455 11.9223 4.14372 11.5957Z\"\u001b[49m\u001b[39m\n\u001b[38;2;0;95;95m\u001b[48;2;215;255;255m+               />\u001b[49m\u001b[39m\n\u001b[38;2;0;95;95m\u001b[48;2;215;255;255m+             </svg>\u001b[49m\u001b[39m\n\u001b[2m            </button>\u001b[22m\n\u001b[2m            <button\u001b[22m\n\u001b[2m              class=\"btn btn-neutral btn-lg\"\u001b[22m\n\u001b[2m              type=\"button\"\u001b[22m\n\u001b[2m            >\u001b[22m","name":"toMatchSnapshot","pass":false}}],"failureMessages":["Error: \u001b[2mexpect(\u001b[22m\u001b[38;2;0;95;95m\u001b[48;2;215;255;255mreceived\u001b[49m\u001b[39m\u001b[2m).\u001b[22mtoMatchSnapshot\u001b[2m(\u001b[22m\u001b[1mhint\u001b[22m\u001b[2m)\u001b[22m\n\nSnapshot name: `Home hero section display the home hero section: \u001b[1m\u001b[22m\n\u001b[1m        <section className=\"bg-hero-pattern bg-no-repeat bg-center xl:bg-left mt-5 xl:mt-20\">\u001b[22m\n\u001b[1m            <div className=\"container flex flex-col-reverse items-center xl:flex-row\">\u001b[22m\n\u001b[1m                <div className=\"flex-1 flex flex-col gap-5 mt-12 pb-5 text-center xl:text-right\">\u001b[22m\n\u001b[1m                    <h3 className=\"text-xl xl:text-2xl dark:text-info\">\u001b[22m\n\u001b[1m                        خوش اومدی به ...\u001b[22m\n\u001b[1m                    </h3>\u001b[22m\n\u001b[1m                    <h1 className=\" text-3xl lg:text-5xl xl:text-5xl font-black gradient\">\u001b[22m\n\u001b[1m                        مسیر صعود به قله‌های برنامه‌نویسی\u001b[22m\n\u001b[1m                    </h1>\u001b[22m\n\u001b[1m                    <p className=\"max-w-2xl  text-lg md:text-xl font-bold leading-8\">\u001b[22m\n\u001b[1m                        هر جای مسیرِ برنامه‌نویسی که باشی، با هم‌راهی استادهای\u001b[22m\n\u001b[1m                        باتجربهٔ کلاسبن می‌تونی بدون محدودیت به قله‌های بالاتر\u001b[22m\n\u001b[1m                        صعود کنی. ما همیشه هواتو داریم.\u001b[22m\n\u001b[1m                    </p>\u001b[22m\n\u001b[1m                    <div className=\"mt-5 flex gap-4\">\u001b[22m\n\u001b[1m                        <Button variant=\"primary\" size=\"large\">\u001b[22m\n\u001b[1m                            دوره‌های ری‌اکت و نکست\u001b[22m\n\u001b[1m                        </Button>\u001b[22m\n\u001b[1m                        <Button variant=\"neutral\" size=\"large\">\u001b[22m\n\u001b[1m                            مشاوره برنامه‌نویسی\u001b[22m\n\u001b[1m                        </Button>\u001b[22m\n\u001b[1m                    </div>\u001b[22m\n\u001b[1m                    <Image\u001b[22m\n\u001b[1m                        src=\"/images/frameworks.png\"\u001b[22m\n\u001b[1m                        className=\"grayscale mt-4 opacity-70 m-auto xl:m-0\"\u001b[22m\n\u001b[1m                        width={412}\u001b[22m\n\u001b[1m                        height={39}\u001b[22m\n\u001b[1m                        alt=\"\"\u001b[22m\n\u001b[1m                    />\u001b[22m\n\u001b[1m                </div>\u001b[22m\n\u001b[1m                <Image\u001b[22m\n\u001b[1m                    src=\"/images/programmer-landing.svg\"\u001b[22m\n\u001b[1m                    alt=\"\"\u001b[22m\n\u001b[1m                    width={702}\u001b[22m\n\u001b[1m                    height={521}\u001b[22m\n\u001b[1m                />\u001b[22m\n\u001b[1m            </div>\u001b[22m\n\u001b[1m        </section>        \u001b[22m\n\u001b[1m        \u001b[22m 1`\n\n\u001b[38;2;128;0;128m\u001b[48;2;255;215;255m- Snapshot  -  2\u001b[49m\u001b[39m\n\u001b[38;2;0;95;95m\u001b[48;2;215;255;255m+ Received  + 21\u001b[49m\u001b[39m\n\n\u001b[33m@@ -22,17 +22,36 @@\u001b[39m\n\u001b[2m            class=\"max-w-2xl  text-lg md:text-xl font-bold leading-8\"\u001b[22m\n\u001b[2m          >\u001b[22m\n\u001b[2m            هر جای مسیرِ برنامه‌نویسی که باشی، با هم‌راهی استادهای باتجربهٔ کلاسبن می‌تونی بدون محدودیت به قله‌های بالاتر صعود کنی. ما همیشه هواتو داریم.\u001b[22m\n\u001b[2m          </p>\u001b[22m\n\u001b[2m          <div\u001b[22m\n\u001b[38;2;128;0;128m\u001b[48;2;255;215;255m-           class=\"mt-5 flex gap-4\"\u001b[49m\u001b[39m\n\u001b[38;2;0;95;95m\u001b[48;2;215;255;255m+           class=\"mt-5 flex gap-4 justify-center xl:justify-start\"\u001b[49m\u001b[39m\n\u001b[2m          >\u001b[22m\n\u001b[2m            <button\u001b[22m\n\u001b[38;2;128;0;128m\u001b[48;2;255;215;255m-             class=\"btn btn-primary btn-lg\"\u001b[49m\u001b[39m\n\u001b[38;2;0;95;95m\u001b[48;2;215;255;255m+             class=\"btn animated-icon btn-primary btn-lg\"\u001b[49m\u001b[39m\n\u001b[2m              type=\"button\"\u001b[22m\n\u001b[2m            >\u001b[22m\n\u001b[2m              دوره‌های ری‌اکت و نکست\u001b[22m\n\u001b[38;2;0;95;95m\u001b[48;2;215;255;255m+             <svg\u001b[49m\u001b[39m\n\u001b[38;2;0;95;95m\u001b[48;2;215;255;255m+               fill=\"currentColor\"\u001b[49m\u001b[39m\n\u001b[38;2;0;95;95m\u001b[48;2;215;255;255m+               height=\"24\"\u001b[49m\u001b[39m\n\u001b[38;2;0;95;95m\u001b[48;2;215;255;255m+               stroke=\"currentColor\"\u001b[49m\u001b[39m\n\u001b[38;2;0;95;95m\u001b[48;2;215;255;255m+               stroke-linecap=\"round\"\u001b[49m\u001b[39m\n\u001b[38;2;0;95;95m\u001b[48;2;215;255;255m+               stroke-linejoin=\"round\"\u001b[49m\u001b[39m\n\u001b[38;2;0;95;95m\u001b[48;2;215;255;255m+               stroke-width=\"1.5\"\u001b[49m\u001b[39m\n\u001b[38;2;0;95;95m\u001b[48;2;215;255;255m+               viewBox=\"0 0 24 24\"\u001b[49m\u001b[39m\n\u001b[38;2;0;95;95m\u001b[48;2;215;255;255m+               width=\"24\"\u001b[49m\u001b[39m\n\u001b[38;2;0;95;95m\u001b[48;2;215;255;255m+               xmlns=\"http://www.w3.org/2000/svg\"\u001b[49m\u001b[39m\n\u001b[38;2;0;95;95m\u001b[48;2;215;255;255m+             >\u001b[49m\u001b[39m\n\u001b[38;2;0;95;95m\u001b[48;2;215;255;255m+               <path\u001b[49m\u001b[39m\n\u001b[38;2;0;95;95m\u001b[48;2;215;255;255m+                 d=\"M16.7544 11.5347L20.5098 11.2026C21.3525 11.2026 22.0358 11.8925 22.0358 12.7435C22.0358 13.5945 21.3525 14.2844 20.5098 14.2844L16.7544 13.9523C16.0933 13.9523 15.5573 13.4111 15.5573 12.7435C15.5573 12.0748 16.0933 11.5347 16.7544 11.5347Z\"\u001b[49m\u001b[39m\n\u001b[38;2;0;95;95m\u001b[48;2;215;255;255m+                 opacity=\".4\"\u001b[49m\u001b[39m\n\u001b[38;2;0;95;95m\u001b[48;2;215;255;255m+               />\u001b[49m\u001b[39m\n\u001b[38;2;0;95;95m\u001b[48;2;215;255;255m+               <path\u001b[49m\u001b[39m\n\u001b[38;2;0;95;95m\u001b[48;2;215;255;255m+                 d=\"M4.14372 11.5957C4.20242 11.5365 4.42169 11.286 4.62767 11.078C5.82925 9.77526 8.96663 7.64503 10.6079 6.9931C10.857 6.8891 11.4872 6.66769 11.8249 6.65204C12.1472 6.65204 12.4551 6.72696 12.7485 6.87457C13.1151 7.08144 13.4075 7.40796 13.5692 7.79263C13.6722 8.05877 13.8338 8.85831 13.8338 8.87285C13.9944 9.74619 14.0819 11.1663 14.0819 12.7363C14.0819 14.2303 13.9944 15.5923 13.8626 16.4802C13.8482 16.4958 13.6866 17.4877 13.5105 17.8276C13.1882 18.4494 12.5581 18.8341 11.8836 18.8341H11.8249C11.3853 18.8195 10.4617 18.4337 10.4617 18.4203C8.90794 17.7684 5.84475 15.741 4.61328 14.3936C4.61328 14.3936 4.26554 14.0469 4.11493 13.8311C3.88015 13.5202 3.76276 13.1355 3.76276 12.7509C3.76276 12.3215 3.89455 11.9223 4.14372 11.5957Z\"\u001b[49m\u001b[39m\n\u001b[38;2;0;95;95m\u001b[48;2;215;255;255m+               />\u001b[49m\u001b[39m\n\u001b[38;2;0;95;95m\u001b[48;2;215;255;255m+             </svg>\u001b[49m\u001b[39m\n\u001b[2m            </button>\u001b[22m\n\u001b[2m            <button\u001b[22m\n\u001b[2m              class=\"btn btn-neutral btn-lg\"\u001b[22m\n\u001b[2m              type=\"button\"\u001b[22m\n\u001b[2m            >\u001b[22m\n    at Object.toMatchSnapshot (C:\\Users\\NoteBooK TANDIS\\Desktop\\classbon\\src\\app\\_components\\home-hero-section\\home-hero-section.test.tsx:7:23)\n    at Promise.then.completed (C:\\Users\\NoteBooK TANDIS\\Desktop\\classbon\\node_modules\\jest-circus\\build\\utils.js:298:28)\n    at new Promise (<anonymous>)\n    at callAsyncCircusFn (C:\\Users\\NoteBooK TANDIS\\Desktop\\classbon\\node_modules\\jest-circus\\build\\utils.js:231:10)\n    at _callCircusTest (C:\\Users\\NoteBooK TANDIS\\Desktop\\classbon\\node_modules\\jest-circus\\build\\run.js:316:40)\n    at processTicksAndRejections (node:internal/process/task_queues:95:5)\n    at _runTest (C:\\Users\\NoteBooK TANDIS\\Desktop\\classbon\\node_modules\\jest-circus\\build\\run.js:252:3)\n    at _runTestsForDescribeBlock (C:\\Users\\NoteBooK TANDIS\\Desktop\\classbon\\node_modules\\jest-circus\\build\\run.js:126:9)\n    at _runTestsForDescribeBlock (C:\\Users\\NoteBooK TANDIS\\Desktop\\classbon\\node_modules\\jest-circus\\build\\run.js:121:9)\n    at run (C:\\Users\\NoteBooK TANDIS\\Desktop\\classbon\\node_modules\\jest-circus\\build\\run.js:71:3)\n    at runAndTransformResultsToJestFormat (C:\\Users\\NoteBooK TANDIS\\Desktop\\classbon\\node_modules\\jest-circus\\build\\legacy-code-todo-rewrite\\jestAdapterInit.js:122:21)\n    at jestAdapter (C:\\Users\\NoteBooK TANDIS\\Desktop\\classbon\\node_modules\\jest-circus\\build\\legacy-code-todo-rewrite\\jestAdapter.js:79:19)\n    at runTestInternal (C:\\Users\\NoteBooK TANDIS\\Desktop\\classbon\\node_modules\\jest-runner\\build\\runTest.js:367:16)\n    at runTest (C:\\Users\\NoteBooK TANDIS\\Desktop\\classbon\\node_modules\\jest-runner\\build\\runTest.js:444:34)\n    at Object.worker (C:\\Users\\NoteBooK TANDIS\\Desktop\\classbon\\node_modules\\jest-runner\\build\\testWorker.js:108:12)"],"fullName":"Home hero section display the home hero section","invocations":1,"location":null,"numPassingAsserts":0,"retryReasons":[],"status":"failed","title":"display the home hero section"}],"endTime":1707676551388,"message":"\u001b[1m\u001b[31m  \u001b[1m● \u001b[22m\u001b[1mHome hero section › display the home hero section\u001b[39m\u001b[22m\n\n    \u001b[2mexpect(\u001b[22m\u001b[38;2;0;95;95m\u001b[48;2;215;255;255mreceived\u001b[49m\u001b[39m\u001b[2m).\u001b[22mtoMatchSnapshot\u001b[2m(\u001b[22m\u001b[1mhint\u001b[22m\u001b[2m)\u001b[22m\n\n    Snapshot name: `Home hero section display the home hero section: \u001b[1m\u001b[22m\n    \u001b[1m        <section className=\"bg-hero-pattern bg-no-repeat bg-center xl:bg-left mt-5 xl:mt-20\">\u001b[22m\n    \u001b[1m            <div className=\"container flex flex-col-reverse items-center xl:flex-row\">\u001b[22m\n    \u001b[1m                <div className=\"flex-1 flex flex-col gap-5 mt-12 pb-5 text-center xl:text-right\">\u001b[22m\n    \u001b[1m                    <h3 className=\"text-xl xl:text-2xl dark:text-info\">\u001b[22m\n    \u001b[1m                        خوش اومدی به ...\u001b[22m\n    \u001b[1m                    </h3>\u001b[22m\n    \u001b[1m                    <h1 className=\" text-3xl lg:text-5xl xl:text-5xl font-black gradient\">\u001b[22m\n    \u001b[1m                        مسیر صعود به قله‌های برنامه‌نویسی\u001b[22m\n    \u001b[1m                    </h1>\u001b[22m\n    \u001b[1m                    <p className=\"max-w-2xl  text-lg md:text-xl font-bold leading-8\">\u001b[22m\n    \u001b[1m                        هر جای مسیرِ برنامه‌نویسی که باشی، با هم‌راهی استادهای\u001b[22m\n    \u001b[1m                        باتجربهٔ کلاسبن می‌تونی بدون محدودیت به قله‌های بالاتر\u001b[22m\n    \u001b[1m                        صعود کنی. ما همیشه هواتو داریم.\u001b[22m\n    \u001b[1m                    </p>\u001b[22m\n    \u001b[1m                    <div className=\"mt-5 flex gap-4\">\u001b[22m\n    \u001b[1m                        <Button variant=\"primary\" size=\"large\">\u001b[22m\n    \u001b[1m                            دوره‌های ری‌اکت و نکست\u001b[22m\n    \u001b[1m                        </Button>\u001b[22m\n    \u001b[1m                        <Button variant=\"neutral\" size=\"large\">\u001b[22m\n    \u001b[1m                            مشاوره برنامه‌نویسی\u001b[22m\n    \u001b[1m                        </Button>\u001b[22m\n    \u001b[1m                    </div>\u001b[22m\n    \u001b[1m                    <Image\u001b[22m\n    \u001b[1m                        src=\"/images/frameworks.png\"\u001b[22m\n    \u001b[1m                        className=\"grayscale mt-4 opacity-70 m-auto xl:m-0\"\u001b[22m\n    \u001b[1m                        width={412}\u001b[22m\n    \u001b[1m                        height={39}\u001b[22m\n    \u001b[1m                        alt=\"\"\u001b[22m\n    \u001b[1m                    />\u001b[22m\n    \u001b[1m                </div>\u001b[22m\n    \u001b[1m                <Image\u001b[22m\n    \u001b[1m                    src=\"/images/programmer-landing.svg\"\u001b[22m\n    \u001b[1m                    alt=\"\"\u001b[22m\n    \u001b[1m                    width={702}\u001b[22m\n    \u001b[1m                    height={521}\u001b[22m\n    \u001b[1m                />\u001b[22m\n    \u001b[1m            </div>\u001b[22m\n    \u001b[1m        </section>        \u001b[22m\n    \u001b[1m        \u001b[22m 1`\n\n    \u001b[38;2;128;0;128m\u001b[48;2;255;215;255m- Snapshot  -  2\u001b[49m\u001b[39m\n    \u001b[38;2;0;95;95m\u001b[48;2;215;255;255m+ Received  + 21\u001b[49m\u001b[39m\n\n    \u001b[33m@@ -22,17 +22,36 @@\u001b[39m\n    \u001b[2m            class=\"max-w-2xl  text-lg md:text-xl font-bold leading-8\"\u001b[22m\n    \u001b[2m          >\u001b[22m\n    \u001b[2m            هر جای مسیرِ برنامه‌نویسی که باشی، با هم‌راهی استادهای باتجربهٔ کلاسبن می‌تونی بدون محدودیت به قله‌های بالاتر صعود کنی. ما همیشه هواتو داریم.\u001b[22m\n    \u001b[2m          </p>\u001b[22m\n    \u001b[2m          <div\u001b[22m\n    \u001b[38;2;128;0;128m\u001b[48;2;255;215;255m-           class=\"mt-5 flex gap-4\"\u001b[49m\u001b[39m\n    \u001b[38;2;0;95;95m\u001b[48;2;215;255;255m+           class=\"mt-5 flex gap-4 justify-center xl:justify-start\"\u001b[49m\u001b[39m\n    \u001b[2m          >\u001b[22m\n    \u001b[2m            <button\u001b[22m\n    \u001b[38;2;128;0;128m\u001b[48;2;255;215;255m-             class=\"btn btn-primary btn-lg\"\u001b[49m\u001b[39m\n    \u001b[38;2;0;95;95m\u001b[48;2;215;255;255m+             class=\"btn animated-icon btn-primary btn-lg\"\u001b[49m\u001b[39m\n    \u001b[2m              type=\"button\"\u001b[22m\n    \u001b[2m            >\u001b[22m\n    \u001b[2m              دوره‌های ری‌اکت و نکست\u001b[22m\n    \u001b[38;2;0;95;95m\u001b[48;2;215;255;255m+             <svg\u001b[49m\u001b[39m\n    \u001b[38;2;0;95;95m\u001b[48;2;215;255;255m+               fill=\"currentColor\"\u001b[49m\u001b[39m\n    \u001b[38;2;0;95;95m\u001b[48;2;215;255;255m+               height=\"24\"\u001b[49m\u001b[39m\n    \u001b[38;2;0;95;95m\u001b[48;2;215;255;255m+               stroke=\"currentColor\"\u001b[49m\u001b[39m\n    \u001b[38;2;0;95;95m\u001b[48;2;215;255;255m+               stroke-linecap=\"round\"\u001b[49m\u001b[39m\n    \u001b[38;2;0;95;95m\u001b[48;2;215;255;255m+               stroke-linejoin=\"round\"\u001b[49m\u001b[39m\n    \u001b[38;2;0;95;95m\u001b[48;2;215;255;255m+               stroke-width=\"1.5\"\u001b[49m\u001b[39m\n    \u001b[38;2;0;95;95m\u001b[48;2;215;255;255m+               viewBox=\"0 0 24 24\"\u001b[49m\u001b[39m\n    \u001b[38;2;0;95;95m\u001b[48;2;215;255;255m+               width=\"24\"\u001b[49m\u001b[39m\n    \u001b[38;2;0;95;95m\u001b[48;2;215;255;255m+               xmlns=\"http://www.w3.org/2000/svg\"\u001b[49m\u001b[39m\n    \u001b[38;2;0;95;95m\u001b[48;2;215;255;255m+             >\u001b[49m\u001b[39m\n    \u001b[38;2;0;95;95m\u001b[48;2;215;255;255m+               <path\u001b[49m\u001b[39m\n    \u001b[38;2;0;95;95m\u001b[48;2;215;255;255m+                 d=\"M16.7544 11.5347L20.5098 11.2026C21.3525 11.2026 22.0358 11.8925 22.0358 12.7435C22.0358 13.5945 21.3525 14.2844 20.5098 14.2844L16.7544 13.9523C16.0933 13.9523 15.5573 13.4111 15.5573 12.7435C15.5573 12.0748 16.0933 11.5347 16.7544 11.5347Z\"\u001b[49m\u001b[39m\n    \u001b[38;2;0;95;95m\u001b[48;2;215;255;255m+                 opacity=\".4\"\u001b[49m\u001b[39m\n    \u001b[38;2;0;95;95m\u001b[48;2;215;255;255m+               />\u001b[49m\u001b[39m\n    \u001b[38;2;0;95;95m\u001b[48;2;215;255;255m+               <path\u001b[49m\u001b[39m\n    \u001b[38;2;0;95;95m\u001b[48;2;215;255;255m+                 d=\"M4.14372 11.5957C4.20242 11.5365 4.42169 11.286 4.62767 11.078C5.82925 9.77526 8.96663 7.64503 10.6079 6.9931C10.857 6.8891 11.4872 6.66769 11.8249 6.65204C12.1472 6.65204 12.4551 6.72696 12.7485 6.87457C13.1151 7.08144 13.4075 7.40796 13.5692 7.79263C13.6722 8.05877 13.8338 8.85831 13.8338 8.87285C13.9944 9.74619 14.0819 11.1663 14.0819 12.7363C14.0819 14.2303 13.9944 15.5923 13.8626 16.4802C13.8482 16.4958 13.6866 17.4877 13.5105 17.8276C13.1882 18.4494 12.5581 18.8341 11.8836 18.8341H11.8249C11.3853 18.8195 10.4617 18.4337 10.4617 18.4203C8.90794 17.7684 5.84475 15.741 4.61328 14.3936C4.61328 14.3936 4.26554 14.0469 4.11493 13.8311C3.88015 13.5202 3.76276 13.1355 3.76276 12.7509C3.76276 12.3215 3.89455 11.9223 4.14372 11.5957Z\"\u001b[49m\u001b[39m\n    \u001b[38;2;0;95;95m\u001b[48;2;215;255;255m+               />\u001b[49m\u001b[39m\n    \u001b[38;2;0;95;95m\u001b[48;2;215;255;255m+             </svg>\u001b[49m\u001b[39m\n    \u001b[2m            </button>\u001b[22m\n    \u001b[2m            <button\u001b[22m\n    \u001b[2m              class=\"btn btn-neutral btn-lg\"\u001b[22m\n    \u001b[2m              type=\"button\"\u001b[22m\n    \u001b[2m            >\u001b[22m\n\u001b[2m\u001b[22m\n\u001b[2m    \u001b[0m \u001b[90m  5 |\u001b[39m   test(\u001b[32m\"display the home hero section\"\u001b[39m\u001b[33m,\u001b[39m () \u001b[33m=>\u001b[39m {\u001b[0m\u001b[22m\n\u001b[2m    \u001b[0m \u001b[90m  6 |\u001b[39m     \u001b[36mconst\u001b[39m { container } \u001b[33m=\u001b[39m render(\u001b[33m<\u001b[39m\u001b[33mHomeHeroSection\u001b[39m \u001b[33m/\u001b[39m\u001b[33m>\u001b[39m)\u001b[33m;\u001b[39m\u001b[0m\u001b[22m\n\u001b[2m    \u001b[0m\u001b[31m\u001b[1m>\u001b[22m\u001b[2m\u001b[39m\u001b[90m  7 |\u001b[39m     expect(container)\u001b[33m.\u001b[39mtoMatchSnapshot(\u001b[32m`\u001b[39m\u001b[0m\u001b[22m\n\u001b[2m    \u001b[0m \u001b[90m    |\u001b[39m                       \u001b[31m\u001b[1m^\u001b[22m\u001b[2m\u001b[39m\u001b[0m\u001b[22m\n\u001b[2m    \u001b[0m \u001b[90m  8 |\u001b[39m \u001b[32m        <section className=\"bg-hero-pattern bg-no-repeat bg-center xl:bg-left mt-5 xl:mt-20\">\u001b[39m\u001b[0m\u001b[22m\n\u001b[2m    \u001b[0m \u001b[90m  9 |\u001b[39m \u001b[32m            <div className=\"container flex flex-col-reverse items-center xl:flex-row\">\u001b[39m\u001b[0m\u001b[22m\n\u001b[2m    \u001b[0m \u001b[90m 10 |\u001b[39m \u001b[32m                <div className=\"flex-1 flex flex-col gap-5 mt-12 pb-5 text-center xl:text-right\">\u001b[39m\u001b[0m\u001b[22m\n\u001b[2m\u001b[22m\n\u001b[2m      \u001b[2mat Object.toMatchSnapshot (\u001b[22m\u001b[2m\u001b[0m\u001b[36msrc/app/_components/home-hero-section/home-hero-section.test.tsx\u001b[39m\u001b[0m\u001b[2m:7:23)\u001b[22m\u001b[2m\u001b[22m\n","name":"C:\\Users\\NoteBooK TANDIS\\Desktop\\classbon\\src\\app\\_components\\home-hero-section\\home-hero-section.test.tsx","startTime":1707676550010,"status":"failed","summary":""}],"wasInterrupted":false}
